2025-03-20 20:54:27 [INFO]: OPTIONS /api/auth/login - ::1
2025-03-20 20:54:27 [INFO]: POST /api/auth/login - ::1
2025-03-20 20:54:27 [WARN]: Failed login attempt for email: asdf@saefd.fgd
2025-03-20 20:54:27 [ERROR]: Login error: Error: Invalid email or password
2025-03-20 20:54:27 [INFO]: OPTIONS /api/auth/refresh-token - ::1
2025-03-20 20:54:27 [INFO]: POST /api/auth/refresh-token - ::1
2025-03-20 20:55:00 [INFO]: Server running on port 5000
2025-03-20 20:55:33 [INFO]: OPTIONS /api/auth/login - ::1
2025-03-20 20:55:33 [INFO]: POST /api/auth/login - ::1
2025-03-20 20:55:33 [INFO]: User faisalt661@gmail.com logged in successfully.
2025-03-20 20:57:06 [INFO]: OPTIONS /api/user/profile - ::1
2025-03-20 20:57:06 [INFO]: GET /api/user/profile - ::1
2025-03-20 20:57:22 [INFO]: OPTIONS /api/user/profile - ::1
2025-03-20 20:57:22 [INFO]: PUT /api/user/profile - ::1
2025-03-20 20:57:23 [INFO]: GET /api/user/profile - ::1
2025-03-20 21:00:25 [INFO]: Server running on port 5000
2025-03-20 21:00:27 [INFO]: OPTIONS /api/user/profile - ::1
2025-03-20 21:00:27 [INFO]: GET /api/user/profile - ::1
2025-03-20 21:00:29 [INFO]: OPTIONS /api/auth/logout - ::1
2025-03-20 21:00:29 [INFO]: POST /api/auth/logout - ::1
2025-03-20 21:00:43 [INFO]: OPTIONS /api/auth/login - ::1
2025-03-20 21:00:43 [INFO]: POST /api/auth/login - ::1
2025-03-20 21:00:43 [WARN]: Failed login attempt for email: asdfsa@ae.gf
2025-03-20 21:00:43 [ERROR]: Login error: Error: Invalid email or password
2025-03-20 21:00:43 [INFO]: OPTIONS /api/auth/refresh-token - ::1
2025-03-20 21:00:43 [INFO]: POST /api/auth/refresh-token - ::1
